[Step 1/11] Parsing and validating input arguments
[ INFO ] Parsing input parameters
[Step 2/11] Loading OpenVINO Runtime
[ INFO ] OpenVINO:
[ INFO ] Build ................................. 2025.0.0-17942-1f68be9f594-releases/2025/0
[ INFO ] 
[ INFO ] Device info:
[ INFO ] CPU
[ INFO ] Build ................................. 2025.0.0-17942-1f68be9f594-releases/2025/0
[ INFO ] 
[ INFO ] 
[Step 3/11] Setting device configuration
[Step 4/11] Reading model files
[ INFO ] Loading model files
[ INFO ] Read model took 33.64 ms
[ INFO ] Original model I/O parameters:
[ INFO ] Model inputs:
[ INFO ]     data (node: data) : f32 / [N,C,H,W] / [1,3,320,544]
[ INFO ] Model outputs:
[ INFO ]     detection_out (node: detection_out) : f32 / [...] / [1,1,200,7]
[Step 5/11] Resizing model to match image sizes and given batch
[ INFO ] Model batch size: 1
[Step 6/11] Configuring input of the model
[ INFO ] Model inputs:
[ INFO ]     data (node: data) : u8 / [N,C,H,W] / [1,3,320,544]
[ INFO ] Model outputs:
[ INFO ]     detection_out (node: detection_out) : f32 / [...] / [1,1,200,7]
[Step 7/11] Loading the model to the device
[ INFO ] Compile model took 276.04 ms
[Step 8/11] Querying optimal runtime parameters
[ INFO ] Model:
[ INFO ]   NETWORK_NAME: ResMobNet_v4 (LReLU) with single SSD head
[ INFO ]   OPTIMAL_NUMBER_OF_INFER_REQUESTS: 2
[ INFO ]   NUM_STREAMS: 2
[ INFO ]   INFERENCE_NUM_THREADS: 4
[ INFO ]   PERF_COUNT: NO
[ INFO ]   INFERENCE_PRECISION_HINT: <Type: 'float32'>
[ INFO ]   PERFORMANCE_HINT: LATENCY
[ INFO ]   EXECUTION_MODE_HINT: ExecutionMode.PERFORMANCE
[ INFO ]   PERFORMANCE_HINT_NUM_REQUESTS: 2
[ INFO ]   ENABLE_CPU_PINNING: True
[ INFO ]   SCHEDULING_CORE_TYPE: SchedulingCoreType.ANY_CORE
[ INFO ]   MODEL_DISTRIBUTION_POLICY: set()
[ INFO ]   ENABLE_HYPER_THREADING: False
[ INFO ]   EXECUTION_DEVICES: ['CPU']
[ INFO ]   CPU_DENORMALS_OPTIMIZATION: False
[ INFO ]   LOG_LEVEL: Level.NO
[ INFO ]   CPU_SPARSE_WEIGHTS_DECOMPRESSION_RATE: 1.0
[ INFO ]   DYNAMIC_QUANTIZATION_GROUP_SIZE: 32
[ INFO ]   KV_CACHE_PRECISION: <Type: 'uint8_t'>
[ INFO ]   KEY_CACHE_PRECISION: <Type: 'uint8_t'>
[ INFO ]   VALUE_CACHE_PRECISION: <Type: 'uint8_t'>
[ INFO ]   KEY_CACHE_GROUP_SIZE: 0
[ INFO ]   VALUE_CACHE_GROUP_SIZE: 0
[Step 9/11] Creating infer requests and preparing input tensors
[ WARNING ] No input files were given for input 'data'!. This input will be filled with random values!
[ INFO ] Fill input 'data' with random values 
[Step 10/11] Measuring performance (Start inference asynchronously, 2 inference requests using 2 streams for CPU, limits: 30000 ms duration)
[ INFO ] Benchmarking in inference only mode (inputs filling are not included in measurement loop).
[ INFO ] First inference took 34.95 ms
[Step 11/11] Dumping statistics report
[ INFO ] Execution Devices:['CPU']
[ INFO ] Count:            2162 iterations
[ INFO ] Duration:         30054.71 ms
[ INFO ] Latency:
[ INFO ]    Median:        26.65 ms
[ INFO ]    Average:       27.72 ms
[ INFO ]    Min:           23.07 ms
[ INFO ]    Max:           47.27 ms
[ INFO ] Throughput:   71.94 FPS
